<?xml version="1.0" encoding="utf-8"?><testsuites name="pytest tests"><testsuite name="pytest" errors="0" failures="2" skipped="0" tests="26" time="32.196" timestamp="2026-01-22T00:08:03.094032+00:00" hostname="agent-env-5d720f33-55bb-4218-b744-c2bdd98a229e"><testcase classname="tests.test_serpapi_cache_pagination.TestCacheStats" name="test_cache_stats_endpoint_returns_200" time="0.656" /><testcase classname="tests.test_serpapi_cache_pagination.TestCacheStats" name="test_cache_stats_has_required_fields" time="0.616" /><testcase classname="tests.test_serpapi_cache_pagination.TestCacheStats" name="test_cache_duration_is_24_hours" time="0.615" /><testcase classname="tests.test_serpapi_cache_pagination.TestCacheStats" name="test_max_pages_is_3" time="0.612" /><testcase classname="tests.test_serpapi_cache_pagination.TestSearchLogs" name="test_search_logs_endpoint_returns_200" time="0.183" /><testcase classname="tests.test_serpapi_cache_pagination.TestSearchLogs" name="test_search_logs_returns_list" time="0.180" /><testcase classname="tests.test_serpapi_cache_pagination.TestSearchLogs" name="test_search_logs_has_required_fields" time="0.185" /><testcase classname="tests.test_serpapi_cache_pagination.TestSearchLogs" name="test_search_logs_limit_parameter" time="0.186" /><testcase classname="tests.test_serpapi_cache_pagination.TestPagination" name="test_page_1_returns_products" time="4.588" /><testcase classname="tests.test_serpapi_cache_pagination.TestPagination" name="test_pagination_response_has_required_fields" time="0.486" /><testcase classname="tests.test_serpapi_cache_pagination.TestPagination" name="test_page_2_returns_products" time="4.033" /><testcase classname="tests.test_serpapi_cache_pagination.TestPagination" name="test_page_3_returns_products" time="1.810" /><testcase classname="tests.test_serpapi_cache_pagination.TestPagination" name="test_page_4_returns_refine_message" time="0.597"><failure message="assert None is not None">tests/test_serpapi_cache_pagination.py:134: in test_page_4_returns_refine_message
    assert data["message"] is not None
E   assert None is not None</failure></testcase><testcase classname="tests.test_serpapi_cache_pagination.TestPagination" name="test_page_size_limited_to_20" time="0.478" /><testcase classname="tests.test_serpapi_cache_pagination.TestCacheHit" name="test_repeated_search_uses_cache" time="3.990" /><testcase classname="tests.test_serpapi_cache_pagination.TestDeduplication" name="test_no_duplicate_products_in_response" time="0.368" /><testcase classname="tests.test_serpapi_cache_pagination.TestDeduplication" name="test_no_duplicate_products_across_pages" time="1.903" /><testcase classname="tests.test_serpapi_cache_pagination.TestSearchEndpoint" name="test_search_endpoint_returns_200" time="0.039" /><testcase classname="tests.test_serpapi_cache_pagination.TestSearchEndpoint" name="test_search_requires_min_3_chars" time="0.038" /><testcase classname="tests.test_serpapi_cache_pagination.TestSearchEndpoint" name="test_search_with_category" time="0.035" /><testcase classname="tests.test_serpapi_cache_pagination.TestProductsEndpoint" name="test_products_without_search_returns_popular" time="10.106" /><testcase classname="tests.test_serpapi_cache_pagination.TestProductsEndpoint" name="test_products_with_search" time="0.073"><failure message="assert 0 &gt; 0&#10; +  where 0 = len([])">tests/test_serpapi_cache_pagination.py:243: in test_products_with_search
    assert len(data["products"]) &gt; 0
E   assert 0 &gt; 0
E    +  where 0 = len([])</failure></testcase><testcase classname="tests.test_serpapi_cache_pagination.TestProductsEndpoint" name="test_products_response_format" time="0.037" /><testcase classname="tests.test_serpapi_cache_pagination.TestHealthAndBasics" name="test_health_endpoint" time="0.034" /><testcase classname="tests.test_serpapi_cache_pagination.TestHealthAndBasics" name="test_root_endpoint" time="0.035" /><testcase classname="tests.test_serpapi_cache_pagination.TestHealthAndBasics" name="test_categories_list" time="0.081" /></testsuite></testsuites>