<?xml version="1.0" encoding="utf-8"?><testsuites name="pytest tests"><testsuite name="pytest" errors="0" failures="0" skipped="0" tests="18" time="8.873" timestamp="2026-01-15T13:59:30.392410+00:00" hostname="agent-env-bcba223e-ed5c-45f9-ad9c-70032c14b53c"><testcase classname="tests.test_serpapi_integration.TestProductSearch" name="test_get_popular_products" time="0.082" /><testcase classname="tests.test_serpapi_integration.TestProductSearch" name="test_search_products_with_query" time="0.038" /><testcase classname="tests.test_serpapi_integration.TestProductSearch" name="test_search_products_with_category" time="1.485" /><testcase classname="tests.test_serpapi_integration.TestProductSearch" name="test_get_product_categories" time="0.091" /><testcase classname="tests.test_serpapi_integration.TestProductCache" name="test_get_cache_stats" time="0.042" /><testcase classname="tests.test_serpapi_integration.TestProductCache" name="test_cache_is_being_used" time="5.035" /><testcase classname="tests.test_serpapi_integration.TestPriceAlertCheck" name="test_trigger_price_alert_check" time="0.077" /><testcase classname="tests.test_serpapi_integration.TestPriceAlertCheck" name="test_trigger_favorite_check" time="0.037" /><testcase classname="tests.test_serpapi_integration.TestPriceAlertCheck" name="test_get_alert_check_history" time="0.038" /><testcase classname="tests.test_serpapi_integration.TestAuthenticatedAlerts" name="test_create_price_alert" time="0.371" /><testcase classname="tests.test_serpapi_integration.TestAuthenticatedAlerts" name="test_get_user_alerts" time="0.346" /><testcase classname="tests.test_serpapi_integration.TestAuthenticatedAlerts" name="test_update_price_alert" time="0.427" /><testcase classname="tests.test_serpapi_integration.TestAuthenticatedAlerts" name="test_delete_price_alert" time="0.372" /><testcase classname="tests.test_serpapi_integration.TestMockedPlans" name="test_get_internet_plans" time="0.038" /><testcase classname="tests.test_serpapi_integration.TestMockedPlans" name="test_get_mobile_plans" time="0.042" /><testcase classname="tests.test_serpapi_integration.TestMockedPlans" name="test_get_streaming_plans" time="0.037" /><testcase classname="tests.test_serpapi_integration.TestHealthAndBasics" name="test_health_endpoint" time="0.075" /><testcase classname="tests.test_serpapi_integration.TestHealthAndBasics" name="test_root_endpoint" time="0.042" /></testsuite></testsuites>